1>------ Build started: Project: Mastermind_vc11, Configuration: GCC ARM Debug Win32 ------
1>  Performing Custom Build Tools
1>  msg: option 'default-buildenv' overridden by command line
1>  E:\Program Files (x86)\Marmelade\7.4\s3e\makefile_builder\mkb.py e:/Documents/GitHub/Marmelade/Mastermind/Mastermind.mkb --buildenv=VC11 --default-buildenv=vc11 --msvc-project
1>  Building project: e:/Documents/GitHub/Marmelade/Mastermind/Mastermind.mkb
1>  Visual studio files updated (dsp).
1>  -
1>CUSTOMBUILD : Deliberate error : please reload now.
1>  
1>  done
========== Build: 0 succeeded, 1 failed, 0 up-to-date, 0 skipped ==========

1>------ Build started: Project: Mastermind_vc11, Configuration: GCC ARM Debug Win32 ------
1>  Performing Custom Build Tools
1>  msg: option 'default-buildenv' overridden by command line
1>  E:\Program Files (x86)\Marmelade\7.4\s3e\makefile_builder\mkb.py e:/Documents/GitHub/Marmelade/Mastermind/Mastermind.mkb --buildenv=VC11 --default-buildenv=vc11 --msvc-project
1>  Building project: e:/Documents/GitHub/Marmelade/Mastermind/Mastermind.mkb
1>  done
1>  ARM Compiling(GCC) e:\Documents\GitHub\Marmelade\Mastermind\source\Audio.cpp ...
1>  e:/Documents/GitHub/Marmelade/Mastermind/source/Audio.cpp: In function 'Audio* GetAudio()':
1>e:/Documents/GitHub/Marmelade/Mastermind/source/Audio.cpp(126): error : exception handling disabled, use -fexceptions to enable (col 39)
1>  
1>  throw("SceneManager Not Initialized");
1>  ^
1>  ARM Compiling(GCC) e:\Documents\GitHub\Marmelade\Mastermind\source\Game.cpp ...
1>  ARM Compiling(GCC) e:\Documents\GitHub\Marmelade\Mastermind\source\Input.cpp ...
1>  e:/Documents/GitHub/Marmelade/Mastermind/source/Input.cpp: In function 'Input* GetInput()':
1>e:/Documents/GitHub/Marmelade/Mastermind/source/Input.cpp(99): error : exception handling disabled, use -fexceptions to enable (col 39)
1>  
1>  throw("SceneManager Not Initialized");
1>  ^
1>  ARM Compiling(GCC) e:\program files (x86)\marmelade\7.4\modules\iw2dscenegraph\source\Iw2DSceneGraph.cpp ...
1>  ARM Compiling(GCC) e:\program files (x86)\marmelade\7.4\modules\iw2dscenegraphcore\source\Iw2DSceneGraphCore.cpp ...
1>  ARM Compiling(GCC) e:\Documents\GitHub\Marmelade\modules\soundengine\source\IwResHandlerWAV.cpp ...
1>  ARM Compiling(GCC) e:\Documents\GitHub\Marmelade\modules\soundengine\source\IwSoundADPCM.cpp ...
1>  ARM Compiling(GCC) e:\Documents\GitHub\Marmelade\modules\soundengine\source\IwSoundData.cpp ...
1>  ARM Compiling(GCC) e:\Documents\GitHub\Marmelade\modules\soundengine\source\IwSoundGroup.cpp ...
1>  ARM Compiling(GCC) e:\Documents\GitHub\Marmelade\modules\soundengine\source\IwSoundInst.cpp ...
1>  ARM Compiling(GCC) e:\Documents\GitHub\Marmelade\modules\soundengine\source\IwSoundManager.cpp ...
1>  ARM Compiling(GCC) e:\Documents\GitHub\Marmelade\modules\soundengine\source\IwSoundPCM.cpp ...
1>  ARM Compiling(GCC) e:\Documents\GitHub\Marmelade\modules\soundengine\source\IwSoundParams.cpp ...
1>  ARM Compiling(GCC) e:\Documents\GitHub\Marmelade\modules\soundengine\source\IwSoundSpec.cpp ...
1>  ARM Compiling(GCC) e:\Documents\GitHub\Marmelade\modules\soundengine\source\IwSoundWAV.cpp ...
1>  ARM Compiling(GCC) e:\program files (x86)\marmelade\7.4\modules\iwtween\source\IwTween.cpp ...
1>  ARM Compiling(GCC) e:\Documents\GitHub\Marmelade\Mastermind\source\Main.cpp ...
1>  ARM Compiling(GCC) e:\Documents\GitHub\Marmelade\Mastermind\source\Mastermind.cpp ...
1>  ARM Compiling(GCC) e:\program files (x86)\marmelade\7.4\extensions\pvrtextool\interface\PVRTexTool_interface.cpp ...
1>  ARM Compiling(GCC) e:\Documents\GitHub\Marmelade\Mastermind\source\Resource.cpp ...
1>  e:/Documents/GitHub/Marmelade/Mastermind/source/Resource.cpp: In function 'Resource* GetResource()':
1>e:/Documents/GitHub/Marmelade/Mastermind/source/Resource.cpp(21): error : exception handling disabled, use -fexceptions to enable (col 35)
1>  
1>  throw("Resource Not Initialized");
1>  ^
1>  ARM Compiling(GCC) e:\Documents\GitHub\Marmelade\Mastermind\source\Scene.cpp ...
1>  e:/Documents/GitHub/Marmelade/Mastermind/source/Scene.cpp( In destructor 'SceneManager) :~SceneManager()': (col )
1>  
1>e:/Documents/GitHub/Marmelade/Mastermind/source/Scene.cpp(59): warning : 'auto' changes meaning in C++11; please remove it [-Wc++0x-compat] (col 6)
1>  
1>  for(auto it = this->zScenes.begin(); it != this->zScenes.end(); it++)
1>  ^
1>e:/Documents/GitHub/Marmelade/Mastermind/source/Scene.cpp(59): error : 'it' does not name a type (col 11)
1>  
1>  for(auto it = this->zScenes.begin(); it != this->zScenes.end(); it++)
1>  ^
1>e:/Documents/GitHub/Marmelade/Mastermind/source/Scene.cpp(59): error : expected ';' before 'it' (col 39)
1>  
1>  for(auto it = this->zScenes.begin(); it != this->zScenes.end(); it++)
1>  ^
1>e:/Documents/GitHub/Marmelade/Mastermind/source/Scene.cpp(59): error : 'it' was not declared in this scope (col 39)
1>  
1>  e:/Documents/GitHub/Marmelade/Mastermind/source/Scene.cpp( In member function 'void SceneManager) :Render()': (col )
1>  
1>e:/Documents/GitHub/Marmelade/Mastermind/source/Scene.cpp(85): warning : 'auto' changes meaning in C++11; please remove it [-Wc++0x-compat] (col 7)
1>  
1>  for (auto it = this->zScenes.begin(); it != this->zScenes.end(); it++)
1>  ^
1>e:/Documents/GitHub/Marmelade/Mastermind/source/Scene.cpp(85): error : 'it' does not name a type (col 12)
1>  
1>  for (auto it = this->zScenes.begin(); it != this->zScenes.end(); it++)
1>  ^
1>e:/Documents/GitHub/Marmelade/Mastermind/source/Scene.cpp(85): error : expected ';' before 'it' (col 40)
1>  
1>  for (auto it = this->zScenes.begin(); it != this->zScenes.end(); it++)
1>  ^
1>e:/Documents/GitHub/Marmelade/Mastermind/source/Scene.cpp(85): error : 'it' was not declared in this scope (col 40)
1>  
1>  e:/Documents/GitHub/Marmelade/Mastermind/source/Scene.cpp( In member function 'void SceneManager) :Update(float)': (col )
1>  
1>e:/Documents/GitHub/Marmelade/Mastermind/source/Scene.cpp(91): warning : 'auto' changes meaning in C++11; please remove it [-Wc++0x-compat] (col 7)
1>  
1>  for (auto it = this->zScenes.begin(); it != this->zScenes.end(); it++)
1>  ^
1>e:/Documents/GitHub/Marmelade/Mastermind/source/Scene.cpp(91): error : 'it' does not name a type (col 12)
1>  
1>  for (auto it = this->zScenes.begin(); it != this->zScenes.end(); it++)
1>  ^
1>e:/Documents/GitHub/Marmelade/Mastermind/source/Scene.cpp(91): error : expected ';' before 'it' (col 40)
1>  
1>  for (auto it = this->zScenes.begin(); it != this->zScenes.end(); it++)
1>  ^
1>e:/Documents/GitHub/Marmelade/Mastermind/source/Scene.cpp(91): error : 'it' was not declared in this scope (col 40)
1>  
1>  e:/Documents/GitHub/Marmelade/Mastermind/source/Scene.cpp( In member function 'Scene* SceneManager) :Find(const char*)': (col )
1>  
1>e:/Documents/GitHub/Marmelade/Mastermind/source/Scene.cpp(112): warning : 'auto' changes meaning in C++11; please remove it [-Wc++0x-compat] (col 7)
1>  
1>  for (auto it = this->zScenes.begin(); it != this->zScenes.end(); it++)
1>  ^
1>e:/Documents/GitHub/Marmelade/Mastermind/source/Scene.cpp(112): error : 'it' does not name a type (col 12)
1>  
1>  for (auto it = this->zScenes.begin(); it != this->zScenes.end(); it++)
1>  ^
1>e:/Documents/GitHub/Marmelade/Mastermind/source/Scene.cpp(112): error : expected ';' before 'it' (col 40)
1>  
1>  for (auto it = this->zScenes.begin(); it != this->zScenes.end(); it++)
1>  ^
1>e:/Documents/GitHub/Marmelade/Mastermind/source/Scene.cpp(112): error : 'it' was not declared in this scope (col 40)
1>  
1>  e:/Documents/GitHub/Marmelade/Mastermind/source/Scene.cpp: In function 'SceneManager* GetSceneManager()':
1>e:/Documents/GitHub/Marmelade/Mastermind/source/Scene.cpp(155): error : exception handling disabled, use -fexceptions to enable (col 39)
1>  
1>  throw("SceneManager Not Initialized");
1>  ^
========== Build: 0 succeeded, 1 failed, 0 up-to-date, 0 skipped ==========

