1>------ Build started: Project: Mastermind_vc11, Configuration: GCC ARM Debug Win32 ------
1>  ARM Compiling(GCC) e:\Documents\GitHub\Marmelade\Mastermind\source\Audio.cpp ...
1>  e:/Documents/GitHub/Marmelade/Mastermind/source/Audio.cpp: In function 'Audio* GetAudio()':
1>e:/Documents/GitHub/Marmelade/Mastermind/source/Audio.cpp(126): error : exception handling disabled, use -fexceptions to enable (col 39)
1>  
1>  throw("SceneManager Not Initialized");
1>  ^
1>  ARM Compiling(GCC) e:\Documents\GitHub\Marmelade\Mastermind\source\Game.cpp ...
1>  ARM Compiling(GCC) e:\Documents\GitHub\Marmelade\Mastermind\source\Input.cpp ...
1>  e:/Documents/GitHub/Marmelade/Mastermind/source/Input.cpp: In function 'Input* GetInput()':
1>e:/Documents/GitHub/Marmelade/Mastermind/source/Input.cpp(99): error : exception handling disabled, use -fexceptions to enable (col 39)
1>  
1>  throw("SceneManager Not Initialized");
1>  ^
1>  ARM Compiling(GCC) e:\program files (x86)\marmelade\7.4\modules\iw2dscenegraph\source\Iw2DSceneGraph.cpp ...
1>  ARM Compiling(GCC) e:\program files (x86)\marmelade\7.4\modules\iw2dscenegraphcore\source\Iw2DSceneGraphCore.cpp ...
1>  ARM Compiling(GCC) e:\Documents\GitHub\Marmelade\modules\soundengine\source\IwResHandlerWAV.cpp ...
1>  ARM Compiling(GCC) e:\Documents\GitHub\Marmelade\modules\soundengine\source\IwSoundADPCM.cpp ...
1>  ARM Compiling(GCC) e:\Documents\GitHub\Marmelade\modules\soundengine\source\IwSoundData.cpp ...
1>  ARM Compiling(GCC) e:\Documents\GitHub\Marmelade\modules\soundengine\source\IwSoundGroup.cpp ...
1>  ARM Compiling(GCC) e:\Documents\GitHub\Marmelade\modules\soundengine\source\IwSoundInst.cpp ...
1>  ARM Compiling(GCC) e:\Documents\GitHub\Marmelade\modules\soundengine\source\IwSoundManager.cpp ...
1>  ARM Compiling(GCC) e:\Documents\GitHub\Marmelade\modules\soundengine\source\IwSoundPCM.cpp ...
1>  ARM Compiling(GCC) e:\Documents\GitHub\Marmelade\modules\soundengine\source\IwSoundParams.cpp ...
1>  ARM Compiling(GCC) e:\Documents\GitHub\Marmelade\modules\soundengine\source\IwSoundSpec.cpp ...
1>  ARM Compiling(GCC) e:\Documents\GitHub\Marmelade\modules\soundengine\source\IwSoundWAV.cpp ...
1>  ARM Compiling(GCC) e:\program files (x86)\marmelade\7.4\modules\iwtween\source\IwTween.cpp ...
1>  ARM Compiling(GCC) e:\Documents\GitHub\Marmelade\Mastermind\source\Main.cpp ...
1>  ARM Compiling(GCC) e:\Documents\GitHub\Marmelade\Mastermind\source\Mastermind.cpp ...
1>  ARM Compiling(GCC) e:\program files (x86)\marmelade\7.4\extensions\pvrtextool\interface\PVRTexTool_interface.cpp ...
1>  ARM Compiling(GCC) e:\Documents\GitHub\Marmelade\Mastermind\source\Resource.cpp ...
1>  e:/Documents/GitHub/Marmelade/Mastermind/source/Resource.cpp: In function 'Resource* GetResource()':
1>e:/Documents/GitHub/Marmelade/Mastermind/source/Resource.cpp(21): error : exception handling disabled, use -fexceptions to enable (col 35)
1>  
1>  throw("Resource Not Initialized");
1>  ^
1>  ARM Compiling(GCC) e:\Documents\GitHub\Marmelade\Mastermind\source\Scene.cpp ...
1>  e:/Documents/GitHub/Marmelade/Mastermind/source/Scene.cpp: In function 'SceneManager* GetSceneManager()':
1>e:/Documents/GitHub/Marmelade/Mastermind/source/Scene.cpp(155): error : exception handling disabled, use -fexceptions to enable (col 39)
1>  
1>  throw("SceneManager Not Initialized");
1>  ^
========== Build: 0 succeeded, 1 failed, 0 up-to-date, 0 skipped ==========

