1>------ Build started: Project: Mastermind_vc11, Configuration: GCC ARM Debug Win32 ------
1>  ARM Compiling(GCC) e:\Documents\GitHub\Marmelade\Mastermind\source\Audio.cpp ...
1>  ARM Compiling(GCC) e:\Documents\GitHub\Marmelade\Mastermind\source\Game.cpp ...
1>  ARM Compiling(GCC) e:\Documents\GitHub\Marmelade\Mastermind\source\Input.cpp ...
1>  ARM Compiling(GCC) e:\program files (x86)\marmelade\7.4\modules\iw2dscenegraph\source\Iw2DSceneGraph.cpp ...
1>  ARM Compiling(GCC) e:\program files (x86)\marmelade\7.4\modules\iw2dscenegraphcore\source\Iw2DSceneGraphCore.cpp ...
1>  ARM Compiling(GCC) e:\Documents\GitHub\Marmelade\modules\soundengine\source\IwResHandlerWAV.cpp ...
1>  ARM Compiling(GCC) e:\Documents\GitHub\Marmelade\modules\soundengine\source\IwSoundADPCM.cpp ...
1>  ARM Compiling(GCC) e:\Documents\GitHub\Marmelade\modules\soundengine\source\IwSoundData.cpp ...
1>  ARM Compiling(GCC) e:\Documents\GitHub\Marmelade\modules\soundengine\source\IwSoundGroup.cpp ...
1>  ARM Compiling(GCC) e:\Documents\GitHub\Marmelade\modules\soundengine\source\IwSoundInst.cpp ...
1>  ARM Compiling(GCC) e:\Documents\GitHub\Marmelade\modules\soundengine\source\IwSoundManager.cpp ...
1>  ARM Compiling(GCC) e:\Documents\GitHub\Marmelade\modules\soundengine\source\IwSoundPCM.cpp ...
1>  ARM Compiling(GCC) e:\Documents\GitHub\Marmelade\modules\soundengine\source\IwSoundParams.cpp ...
1>  ARM Compiling(GCC) e:\Documents\GitHub\Marmelade\modules\soundengine\source\IwSoundSpec.cpp ...
1>  ARM Compiling(GCC) e:\Documents\GitHub\Marmelade\modules\soundengine\source\IwSoundWAV.cpp ...
1>  ARM Compiling(GCC) e:\program files (x86)\marmelade\7.4\modules\iwtween\source\IwTween.cpp ...
1>  ARM Compiling(GCC) e:\Documents\GitHub\Marmelade\Mastermind\source\Main.cpp ...
1>  ARM Compiling(GCC) e:\Documents\GitHub\Marmelade\Mastermind\source\Mastermind.cpp ...
1>  ARM Compiling(GCC) e:\program files (x86)\marmelade\7.4\extensions\pvrtextool\interface\PVRTexTool_interface.cpp ...
1>  ARM Compiling(GCC) e:\Documents\GitHub\Marmelade\Mastermind\source\Resource.cpp ...
1>  ARM Compiling(GCC) e:\Documents\GitHub\Marmelade\Mastermind\source\Scene.cpp ...
1>  ARM Linking(GCC) ...
1>  Mastermind_vc11.vcxproj -> e:\Documents\GitHub\Marmelade\Mastermind\build_mastermind_vc11\Debug_Mastermind_vc11_gcc_arm\Mastermind.s3e
1>  "E:\Program Files (x86)\Marmelade\7.4\s3e\python\python.exe" .\process_map.py "e:\Documents\GitHub\Marmelade\Mastermind\build_mastermind_vc11\Debug_Mastermind_vc11_gcc_arm\Mastermind.s3e"
========== Build: 1 succeeded, 0 failed, 0 up-to-date, 0 skipped ==========

