1>------ Build started: Project: Mastermind_vc11, Configuration: GCC ARM Debug Win32 ------
1>  Performing Custom Build Tools
1>  msg: option 'default-buildenv' overridden by command line
1>  E:\Program Files (x86)\Marmelade\7.4\s3e\makefile_builder\mkb.py e:/Documents/GitHub/Marmelade/Mastermind/Mastermind.mkb --buildenv=VC11 --default-buildenv=vc11 --msvc-project
1>  Building project: e:/Documents/GitHub/Marmelade/Mastermind/Mastermind.mkb
1>  Visual studio files updated (dsp).
1>  -
1>CUSTOMBUILD : Deliberate error : please reload now.
1>  
1>  done
========== Build: 0 succeeded, 1 failed, 0 up-to-date, 0 skipped ==========

1>------ Build started: Project: Mastermind_vc11, Configuration: GCC ARM Debug Win32 ------
1>  Performing Custom Build Tools
1>  msg: option 'default-buildenv' overridden by command line
1>  E:\Program Files (x86)\Marmelade\7.4\s3e\makefile_builder\mkb.py e:/Documents/GitHub/Marmelade/Mastermind/Mastermind.mkb --buildenv=VC11 --default-buildenv=vc11 --msvc-project
1>  Building project: e:/Documents/GitHub/Marmelade/Mastermind/Mastermind.mkb
1>  done
1>  ARM Linking(GCC) ...
1>  Mastermind_vc11.vcxproj -> e:\Documents\GitHub\Marmelade\Mastermind\build_mastermind_vc11\Debug_Mastermind_vc11_gcc_arm\Mastermind.s3e
1>  "E:\Program Files (x86)\Marmelade\7.4\s3e\python\python.exe" .\process_map.py "e:\Documents\GitHub\Marmelade\Mastermind\build_mastermind_vc11\Debug_Mastermind_vc11_gcc_arm\Mastermind.s3e"
========== Build: 1 succeeded, 0 failed, 0 up-to-date, 0 skipped ==========

